# JRE version: Java(TM) SE Runtime Environment (8.0_51-b16) (build 1.8.0_51-b16)
# Java VM: Java HotSpot(TM) 64-Bit Server VM (25.51-b03 mixed mode windows-amd64 compressed oops)
Heap:
 PSYoungGen      total 76288K, used 56742K [0x00000000eab00000, 0x00000000f0000000, 0x0000000100000000)
  eden space 65536K, 71% used [0x00000000eab00000,0x00000000ed8f99f0,0x00000000eeb00000)
  from space 10752K, 89% used [0x00000000ef580000,0x00000000efef0010,0x00000000f0000000)
  to   space 10752K, 0% used [0x00000000eeb00000,0x00000000eeb00000,0x00000000ef580000)
 ParOldGen       total 116736K, used 3316K [0x00000000c0000000, 0x00000000c7200000, 0x00000000eab00000)
  object space 116736K, 2% used [0x00000000c0000000,0x00000000c033d078,0x00000000c7200000)
 Metaspace       used 6076K, capacity 7024K, committed 7296K, reserved 1060864K
  class space    used 592K, capacity 616K, committed 640K, reserved 1048576K
GC Heap History (6 events):
Event: 0.385 GC heap before
{Heap before GC invocations=1 (full 0):
 PSYoungGen      total 76288K, used 18355K [0x00000000eab00000, 0x00000000f0000000, 0x0000000100000000)
  eden space 65536K, 28% used [0x00000000eab00000,0x00000000ebcecee8,0x00000000eeb00000)
  from space 10752K, 0% used [0x00000000ef580000,0x00000000ef580000,0x00000000f0000000)
  to   space 10752K, 0% used [0x00000000eeb00000,0x00000000eeb00000,0x00000000ef580000)
 ParOldGen       total 175104K, used 0K [0x00000000c0000000, 0x00000000cab00000, 0x00000000eab00000)
  object space 175104K, 0% used [0x00000000c0000000,0x00000000c0000000,0x00000000cab00000)
 Metaspace       used 5465K, capacity 6448K, committed 6528K, reserved 1064960K
  class space    used 583K, capacity 616K, committed 640K, reserved 1048576K
Event: 0.391 GC heap after
Heap after GC invocations=1 (full 0):
 PSYoungGen      total 76288K, used 3586K [0x00000000eab00000, 0x00000000f0000000, 0x0000000100000000)
  eden space 65536K, 0% used [0x00000000eab00000,0x00000000eab00000,0x00000000eeb00000)
  from space 10752K, 33% used [0x00000000eeb00000,0x00000000eee80950,0x00000000ef580000)
  to   space 10752K, 0% used [0x00000000ef580000,0x00000000ef580000,0x00000000f0000000)
 ParOldGen       total 175104K, used 8K [0x00000000c0000000, 0x00000000cab00000, 0x00000000eab00000)
  object space 175104K, 0% used [0x00000000c0000000,0x00000000c0002000,0x00000000cab00000)
 Metaspace       used 5465K, capacity 6448K, committed 6528K, reserved 1064960K
  class space    used 583K, capacity 616K, committed 640K, reserved 1048576K
}
Event: 0.391 GC heap before
{Heap before GC invocations=2 (full 1):
 PSYoungGen      total 76288K, used 3586K [0x00000000eab00000, 0x00000000f0000000, 0x0000000100000000)
  eden space 65536K, 0% used [0x00000000eab00000,0x00000000eab00000,0x00000000eeb00000)
  from space 10752K, 33% used [0x00000000eeb00000,0x00000000eee80950,0x00000000ef580000)
  to   space 10752K, 0% used [0x00000000ef580000,0x00000000ef580000,0x00000000f0000000)
 ParOldGen       total 175104K, used 8K [0x00000000c0000000, 0x00000000cab00000, 0x00000000eab00000)
  object space 175104K, 0% used [0x00000000c0000000,0x00000000c0002000,0x00000000cab00000)
 Metaspace       used 5465K, capacity 6448K, committed 6528K, reserved 1064960K
  class space    used 583K, capacity 616K, committed 640K, reserved 1048576K
Event: 0.405 GC heap after
Heap after GC invocations=2 (full 1):
 PSYoungGen      total 76288K, used 0K [0x00000000eab00000, 0x00000000f0000000, 0x0000000100000000)
  eden space 65536K, 0% used [0x00000000eab00000,0x00000000eab00000,0x00000000eeb00000)
  from space 10752K, 0% used [0x00000000eeb00000,0x00000000eeb00000,0x00000000ef580000)
  to   space 10752K, 0% used [0x00000000ef580000,0x00000000ef580000,0x00000000f0000000)
 ParOldGen       total 116736K, used 3308K [0x00000000c0000000, 0x00000000c7200000, 0x00000000eab00000)
  object space 116736K, 2% used [0x00000000c0000000,0x00000000c033b078,0x00000000c7200000)
 Metaspace       used 5465K, capacity 6448K, committed 6528K, reserved 1060864K
  class space    used 583K, capacity 616K, committed 640K, reserved 1048576K
}
Event: 0.655 GC heap before
{Heap before GC invocations=3 (full 1):
 PSYoungGen      total 76288K, used 65536K [0x00000000eab00000, 0x00000000f0000000, 0x0000000100000000)
  eden space 65536K, 100% used [0x00000000eab00000,0x00000000eeb00000,0x00000000eeb00000)
  from space 10752K, 0% used [0x00000000eeb00000,0x00000000eeb00000,0x00000000ef580000)
  to   space 10752K, 0% used [0x00000000ef580000,0x00000000ef580000,0x00000000f0000000)
 ParOldGen       total 116736K, used 3308K [0x00000000c0000000, 0x00000000c7200000, 0x00000000eab00000)
  object space 116736K, 2% used [0x00000000c0000000,0x00000000c033b078,0x00000000c7200000)
 Metaspace       used 5956K, capacity 6896K, committed 7040K, reserved 1060864K
  class space    used 590K, capacity 616K, committed 640K, reserved 1048576K
Event: 0.662 GC heap after
Heap after GC invocations=3 (full 1):
 PSYoungGen      total 76288K, used 9664K [0x00000000eab00000, 0x00000000f0000000, 0x0000000100000000)
  eden space 65536K, 0% used [0x00000000eab00000,0x00000000eab00000,0x00000000eeb00000)
  from space 10752K, 89% used [0x00000000ef580000,0x00000000efef0010,0x00000000f0000000)
  to   space 10752K, 0% used [0x00000000eeb00000,0x00000000eeb00000,0x00000000ef580000)
 ParOldGen       total 116736K, used 3316K [0x00000000c0000000, 0x00000000c7200000, 0x00000000eab00000)
  object space 116736K, 2% used [0x00000000c0000000,0x00000000c033d078,0x00000000c7200000)
 Metaspace       used 5956K, capacity 6896K, committed 7040K, reserved 1060864K
  class space    used 590K, capacity 616K, committed 640K, reserved 1048576K
}

